# Logfile created on 2014-01-06 13:36:53 -0500 by logger.rb/41954
I, [2014-01-06T13:36:53.603763 #36302]  INFO -- : 0:  RedCloth (4.2.9) from /opt/boxen/rbenv/versions/2.0.0-p353/lib/ruby/gems/2.0.0/specifications/RedCloth-4.2.9.gemspec
I, [2014-01-06T13:36:53.604975 #36305]  INFO -- : 3:  fast-stemmer (1.0.2) from /opt/boxen/rbenv/versions/2.0.0-p353/lib/ruby/gems/2.0.0/specifications/fast-stemmer-1.0.2.gemspec
I, [2014-01-06T13:36:53.606147 #36302]  INFO -- : 0:  colorator (0.1) from /opt/boxen/rbenv/versions/2.0.0-p353/lib/ruby/gems/2.0.0/specifications/colorator-0.1.gemspec
I, [2014-01-06T13:36:53.606809 #36305]  INFO -- : 3:  colored (1.2) from /opt/boxen/rbenv/versions/2.0.0-p353/lib/ruby/gems/2.0.0/specifications/colored-1.2.gemspec
I, [2014-01-06T13:36:53.607873 #36302]  INFO -- : 0:  highline (1.6.20) from /opt/boxen/rbenv/versions/2.0.0-p353/lib/ruby/gems/2.0.0/specifications/highline-1.6.20.gemspec
I, [2014-01-06T13:36:53.609430 #36302]  INFO -- : 0:  mime-types (1.25.1) from /opt/boxen/rbenv/versions/2.0.0-p353/lib/ruby/gems/2.0.0/specifications/mime-types-1.25.1.gemspec
I, [2014-01-06T13:36:53.611055 #36302]  INFO -- : 0:  liquid (2.5.4) from /opt/boxen/rbenv/versions/2.0.0-p353/lib/ruby/gems/2.0.0/specifications/liquid-2.5.4.gemspec
I, [2014-01-06T13:36:54.657884 #36303]  INFO -- : 1:  rake (10.1.1) from /opt/boxen/rbenv/versions/2.0.0-p353/lib/ruby/gems/2.0.0/specifications/rake-10.1.1.gemspec
I, [2014-01-06T13:36:54.983550 #36304]  INFO -- : 2:  blankslate (2.1.2.4) from /opt/boxen/rbenv/versions/2.0.0-p353/lib/ruby/gems/2.0.0/specifications/blankslate-2.1.2.4.gemspec
I, [2014-01-06T13:36:55.624596 #36302]  INFO -- : 0:  rb-fsevent (0.9.4) from /opt/boxen/rbenv/versions/2.0.0-p353/lib/ruby/gems/2.0.0/specifications/rb-fsevent-0.9.4.gemspec
I, [2014-01-06T13:36:55.625890 #36302]  INFO -- : 0:  yajl-ruby (1.1.0) from /opt/boxen/rbenv/versions/2.0.0-p353/lib/ruby/gems/2.0.0/specifications/yajl-ruby-1.1.0.gemspec
I, [2014-01-06T13:36:55.626541 #36302]  INFO -- : 0:  redcarpet (2.3.0) from /opt/boxen/rbenv/versions/2.0.0-p353/lib/ruby/gems/2.0.0/specifications/redcarpet-2.3.0.gemspec
I, [2014-01-06T13:36:55.627096 #36302]  INFO -- : 0:  safe_yaml (0.9.7) from /opt/boxen/rbenv/versions/2.0.0-p353/lib/ruby/gems/2.0.0/specifications/safe_yaml-0.9.7.gemspec
I, [2014-01-06T13:36:55.627780 #36302]  INFO -- : 0:  kramdown (1.2.0) from /opt/boxen/rbenv/versions/2.0.0-p353/lib/ruby/gems/2.0.0/specifications/kramdown-1.2.0.gemspec
I, [2014-01-06T13:36:55.628717 #36302]  INFO -- : 0:  rdiscount (2.1.7) from /opt/boxen/rbenv/versions/2.0.0-p353/lib/ruby/gems/2.0.0/specifications/rdiscount-2.1.7.gemspec
I, [2014-01-06T13:36:56.026178 #36303]  INFO -- : 1:  maruku (0.7.0) from /opt/boxen/rbenv/versions/2.0.0-p353/lib/ruby/gems/2.0.0/specifications/maruku-0.7.0.gemspec
I, [2014-01-06T13:36:56.027016 #36303]  INFO -- : 1:  mini_portile (0.5.2) from /opt/boxen/rbenv/versions/2.0.0-p353/lib/ruby/gems/2.0.0/specifications/mini_portile-0.5.2.gemspec
I, [2014-01-06T13:36:56.027780 #36303]  INFO -- : 1:  bundler (1.5.1) from /opt/boxen/rbenv/versions/2.0.0-p353/lib/ruby/gems/2.0.0/specifications/bundler-1.5.1.gemspec
I, [2014-01-06T13:36:56.546334 #36302]  INFO -- : 0:  mercenary (0.2.1) from /opt/boxen/rbenv/versions/2.0.0-p353/lib/ruby/gems/2.0.0/specifications/mercenary-0.2.1.gemspec
I, [2014-01-06T13:36:56.547878 #36302]  INFO -- : 0:  commander (4.1.5) from /opt/boxen/rbenv/versions/2.0.0-p353/lib/ruby/gems/2.0.0/specifications/commander-4.1.5.gemspec
I, [2014-01-06T13:36:56.701228 #36303]  INFO -- : 1:  classifier (1.3.4) from /opt/boxen/rbenv/versions/2.0.0-p353/lib/ruby/gems/2.0.0/specifications/classifier-1.3.4.gemspec
I, [2014-01-06T13:36:56.702431 #36303]  INFO -- : 1:  nokogiri (1.6.1) from /opt/boxen/rbenv/versions/2.0.0-p353/lib/ruby/gems/2.0.0/specifications/nokogiri-1.6.1.gemspec
I, [2014-01-06T13:36:57.081401 #36304]  INFO -- : 2:  posix-spawn (0.3.8) from /opt/boxen/rbenv/versions/2.0.0-p353/lib/ruby/gems/2.0.0/specifications/posix-spawn-0.3.8.gemspec
I, [2014-01-06T13:36:57.083438 #36303]  INFO -- : 1:  pygments.rb (0.5.4) from /opt/boxen/rbenv/versions/2.0.0-p353/lib/ruby/gems/2.0.0/specifications/pygments.rb-0.5.4.gemspec
I, [2014-01-06T13:36:57.343755 #36302]  INFO -- : 0:  parslet (1.5.0) from /opt/boxen/rbenv/versions/2.0.0-p353/lib/ruby/gems/2.0.0/specifications/parslet-1.5.0.gemspec
I, [2014-01-06T13:36:58.391696 #36304]  INFO -- : 2:  toml (0.1.0) from /opt/boxen/rbenv/versions/2.0.0-p353/lib/ruby/gems/2.0.0/specifications/toml-0.1.0.gemspec
I, [2014-01-06T13:37:00.496644 #36305]  INFO -- : 3:  ffi (1.9.3) from /opt/boxen/rbenv/versions/2.0.0-p353/lib/ruby/gems/2.0.0/specifications/ffi-1.9.3.gemspec
I, [2014-01-06T13:37:00.498516 #36304]  INFO -- : 2:  rb-kqueue (0.2.0) from /opt/boxen/rbenv/versions/2.0.0-p353/lib/ruby/gems/2.0.0/specifications/rb-kqueue-0.2.0.gemspec
I, [2014-01-06T13:37:01.186316 #36302]  INFO -- : 0:  rb-inotify (0.9.3) from /opt/boxen/rbenv/versions/2.0.0-p353/lib/ruby/gems/2.0.0/specifications/rb-inotify-0.9.3.gemspec
I, [2014-01-06T13:37:01.187241 #36305]  INFO -- : 3:  listen (1.3.1) from /opt/boxen/rbenv/versions/2.0.0-p353/lib/ruby/gems/2.0.0/specifications/listen-1.3.1.gemspec
I, [2014-01-06T13:37:01.830664 #36303]  INFO -- : 1:  ethon (0.6.2) from /opt/boxen/rbenv/versions/2.0.0-p353/lib/ruby/gems/2.0.0/specifications/ethon-0.6.2.gemspec
I, [2014-01-06T13:37:02.783866 #36304]  INFO -- : 2:  jekyll (1.4.2) from /opt/boxen/rbenv/versions/2.0.0-p353/lib/ruby/gems/2.0.0/specifications/jekyll-1.4.2.gemspec
I, [2014-01-06T13:37:03.017267 #36302]  INFO -- : 0:  typhoeus (0.6.7) from /opt/boxen/rbenv/versions/2.0.0-p353/lib/ruby/gems/2.0.0/specifications/typhoeus-0.6.7.gemspec
I, [2014-01-06T13:37:03.641103 #36305]  INFO -- : 3:  github-pages (12) from /opt/boxen/rbenv/versions/2.0.0-p353/lib/ruby/gems/2.0.0/specifications/github-pages-12.gemspec
I, [2014-01-06T13:37:04.748446 #36303]  INFO -- : 1:  html-proofer (0.4.1) from /opt/boxen/rbenv/versions/2.0.0-p353/lib/ruby/gems/2.0.0/specifications/html-proofer-0.4.1.gemspec
